# JRE version: OpenJDK Runtime Environment Microsoft-8035246 (17.0.8+7) (build 17.0.8+7-LTS)
# Java VM: OpenJDK 64-Bit Server VM Microsoft-8035246 (17.0.8+7-LTS, mixed mode, sharing, tiered, compressed oops, compressed class ptrs, g1 gc, windows-amd64)
GC Precious Log:
 CPUs: 16 total, 16 available
 Memory: 32634M
 Large Page Support: Disabled
 NUMA Support: Disabled
 Compressed Oops: Enabled (32-bit)
 Heap Region Size: 1M
 Heap Min Capacity: 8M
 Heap Initial Capacity: 510M
 Heap Max Capacity: 2G
 Pre-touch: Disabled
 Parallel Workers: 13
 Concurrent Workers: 3
 Concurrent Refinement Workers: 13
 Periodic GC: Disabled
Heap:
 garbage-first heap   total 250880K, used 195651K [0x0000000080000000, 0x0000000100000000)
  region size 1024K, 44 young (45056K), 7 survivors (7168K)
 Metaspace       used 104062K, committed 105088K, reserved 557056K
  class space    used 14550K, committed 15040K, reserved 425984K
GC Heap History (20 events):
Event: 17.348 GC heap before
{Heap before GC invocations=68 (full 0):
 garbage-first heap   total 208896K, used 133705K [0x0000000080000000, 0x0000000100000000)
  region size 1024K, 10 young (10240K), 4 survivors (4096K)
 Metaspace       used 93444K, committed 94336K, reserved 557056K
  class space    used 13062K, committed 13504K, reserved 425984K
}
Event: 17.351 GC heap after
{Heap after GC invocations=69 (full 0):
 garbage-first heap   total 250880K, used 128800K [0x0000000080000000, 0x0000000100000000)
  region size 1024K, 1 young (1024K), 1 survivors (1024K)
 Metaspace       used 93444K, committed 94336K, reserved 557056K
  class space    used 13062K, committed 13504K, reserved 425984K
}
Event: 17.398 GC heap before
{Heap before GC invocations=69 (full 0):
 garbage-first heap   total 250880K, used 131872K [0x0000000080000000, 0x0000000100000000)
  region size 1024K, 6 young (6144K), 1 survivors (1024K)
 Metaspace       used 93487K, committed 94400K, reserved 557056K
  class space    used 13066K, committed 13504K, reserved 425984K
}
Event: 17.400 GC heap after
{Heap after GC invocations=70 (full 0):
 garbage-first heap   total 250880K, used 131150K [0x0000000080000000, 0x0000000100000000)
  region size 1024K, 3 young (3072K), 3 survivors (3072K)
 Metaspace       used 93487K, committed 94400K, reserved 557056K
  class space    used 13066K, committed 13504K, reserved 425984K
}
Event: 17.940 GC heap before
{Heap before GC invocations=71 (full 0):
 garbage-first heap   total 250880K, used 181326K [0x0000000080000000, 0x0000000100000000)
  region size 1024K, 51 young (52224K), 3 survivors (3072K)
 Metaspace       used 95449K, committed 96384K, reserved 557056K
  class space    used 13331K, committed 13760K, reserved 425984K
}
Event: 17.945 GC heap after
{Heap after GC invocations=72 (full 0):
 garbage-first heap   total 250880K, used 138676K [0x0000000080000000, 0x0000000100000000)
  region size 1024K, 7 young (7168K), 7 survivors (7168K)
 Metaspace       used 95449K, committed 96384K, reserved 557056K
  class space    used 13331K, committed 13760K, reserved 425984K
}
Event: 17.990 GC heap before
{Heap before GC invocations=72 (full 0):
 garbage-first heap   total 250880K, used 142772K [0x0000000080000000, 0x0000000100000000)
  region size 1024K, 12 young (12288K), 7 survivors (7168K)
 Metaspace       used 95884K, committed 96768K, reserved 557056K
  class space    used 13394K, committed 13824K, reserved 425984K
}
Event: 17.994 GC heap after
{Heap after GC invocations=73 (full 0):
 garbage-first heap   total 250880K, used 138371K [0x0000000080000000, 0x0000000100000000)
  region size 1024K, 1 young (1024K), 1 survivors (1024K)
 Metaspace       used 95884K, committed 96768K, reserved 557056K
  class space    used 13394K, committed 13824K, reserved 425984K
}
Event: 18.521 GC heap before
{Heap before GC invocations=73 (full 0):
 garbage-first heap   total 250880K, used 186499K [0x0000000080000000, 0x0000000100000000)
  region size 1024K, 48 young (49152K), 1 survivors (1024K)
 Metaspace       used 99811K, committed 100736K, reserved 557056K
  class space    used 13930K, committed 14400K, reserved 425984K
}
Event: 18.525 GC heap after
{Heap after GC invocations=74 (full 0):
 garbage-first heap   total 250880K, used 141712K [0x0000000080000000, 0x0000000100000000)
  region size 1024K, 4 young (4096K), 4 survivors (4096K)
 Metaspace       used 99811K, committed 100736K, reserved 557056K
  class space    used 13930K, committed 14400K, reserved 425984K
}
Event: 19.047 GC heap before
{Heap before GC invocations=75 (full 0):
 garbage-first heap   total 250880K, used 191888K [0x0000000080000000, 0x0000000100000000)
  region size 1024K, 53 young (54272K), 4 survivors (4096K)
 Metaspace       used 101844K, committed 102848K, reserved 557056K
  class space    used 14177K, committed 14656K, reserved 425984K
}
Event: 19.052 GC heap after
{Heap after GC invocations=76 (full 0):
 garbage-first heap   total 250880K, used 146203K [0x0000000080000000, 0x0000000100000000)
  region size 1024K, 5 young (5120K), 5 survivors (5120K)
 Metaspace       used 101844K, committed 102848K, reserved 557056K
  class space    used 14177K, committed 14656K, reserved 425984K
}
Event: 19.148 GC heap before
{Heap before GC invocations=76 (full 0):
 garbage-first heap   total 250880K, used 153371K [0x0000000080000000, 0x0000000100000000)
  region size 1024K, 12 young (12288K), 5 survivors (5120K)
 Metaspace       used 101898K, committed 102912K, reserved 557056K
  class space    used 14178K, committed 14656K, reserved 425984K
}
Event: 19.152 GC heap after
{Heap after GC invocations=77 (full 0):
 garbage-first heap   total 250880K, used 146772K [0x0000000080000000, 0x0000000100000000)
  region size 1024K, 2 young (2048K), 2 survivors (2048K)
 Metaspace       used 101898K, committed 102912K, reserved 557056K
  class space    used 14178K, committed 14656K, reserved 425984K
}
Event: 19.567 GC heap before
{Heap before GC invocations=77 (full 0):
 garbage-first heap   total 250880K, used 195924K [0x0000000080000000, 0x0000000100000000)
  region size 1024K, 50 young (51200K), 2 survivors (2048K)
 Metaspace       used 102935K, committed 103936K, reserved 557056K
  class space    used 14368K, committed 14848K, reserved 425984K
}
Event: 19.571 GC heap after
{Heap after GC invocations=78 (full 0):
 garbage-first heap   total 250880K, used 151505K [0x0000000080000000, 0x0000000100000000)
  region size 1024K, 6 young (6144K), 6 survivors (6144K)
 Metaspace       used 102935K, committed 103936K, reserved 557056K
  class space    used 14368K, committed 14848K, reserved 425984K
}
Event: 19.972 GC heap before
{Heap before GC invocations=78 (full 0):
 garbage-first heap   total 250880K, used 198609K [0x0000000080000000, 0x0000000100000000)
  region size 1024K, 53 young (54272K), 6 survivors (6144K)
 Metaspace       used 103666K, committed 104640K, reserved 557056K
  class space    used 14503K, committed 14976K, reserved 425984K
}
Event: 19.977 GC heap after
{Heap after GC invocations=79 (full 0):
 garbage-first heap   total 250880K, used 153693K [0x0000000080000000, 0x0000000100000000)
  region size 1024K, 3 young (3072K), 3 survivors (3072K)
 Metaspace       used 103666K, committed 104640K, reserved 557056K
  class space    used 14503K, committed 14976K, reserved 425984K
}
Event: 20.338 GC heap before
{Heap before GC invocations=79 (full 0):
 garbage-first heap   total 250880K, used 202845K [0x0000000080000000, 0x0000000100000000)
  region size 1024K, 52 young (53248K), 3 survivors (3072K)
 Metaspace       used 104044K, committed 105024K, reserved 557056K
  class space    used 14550K, committed 15040K, reserved 425984K
}
Event: 20.343 GC heap after
{Heap after GC invocations=80 (full 0):
 garbage-first heap   total 250880K, used 158787K [0x0000000080000000, 0x0000000100000000)
  region size 1024K, 7 young (7168K), 7 survivors (7168K)
 Metaspace       used 104044K, committed 105024K, reserved 557056K
  class space    used 14550K, committed 15040K, reserved 425984K
}

